\BOOKMARK [0][-]{chapter.1}{\376\377\0001\000\040\000I\000n\000d\000e\000k\000s\000\040\000h\000i\000e\000r\000a\000r\000c\000h\000i\000c\000z\000n\000y}{}% 1
\BOOKMARK [1][-]{section.1.1}{\376\377\0001\000.\0001\000\040\000H\000i\000e\000r\000a\000r\000c\000h\000i\000a\000\040\000k\000l\000a\000s}{chapter.1}% 2
\BOOKMARK [0][-]{chapter.2}{\376\377\0002\000\040\000I\000n\000d\000e\000k\000s\000\040\000k\000l\000a\000s}{}% 3
\BOOKMARK [1][-]{section.2.1}{\376\377\0002\000.\0001\000\040\000L\000i\000s\000t\000a\000\040\000k\000l\000a\000s}{chapter.2}% 4
\BOOKMARK [0][-]{chapter.3}{\376\377\0003\000\040\000D\000o\000k\000u\000m\000e\000n\000t\000a\000c\000j\000a\000\040\000k\000l\000a\000s}{}% 5
\BOOKMARK [1][-]{section.3.1}{\376\377\0003\000.\0001\000\040\000D\000o\000k\000u\000m\000e\000n\000t\000a\000c\000j\000a\000\040\000k\000l\000a\000s\000y\000\040\000C\000o\000m\000m\000o\000n\000D\000i\000s\000e\000a\000s\000e}{chapter.3}% 6
\BOOKMARK [2][-]{subsection.3.1.1}{\376\377\0003\000.\0001\000.\0001\000\040\000D\000o\000k\000u\000m\000e\000n\000t\000a\000c\000j\000a\000\040\000f\000u\000n\000k\000c\000j\000i\000\040\000s\000k\001\102\000a\000d\000o\000w\000y\000c\000h}{section.3.1}% 7
\BOOKMARK [3][-]{subsubsection.3.1.1.1}{\376\377\0003\000.\0001\000.\0001\000.\0001\000\040\000t\000r\000y\000A\000t\000t\000a\000c\000k\000\050\000\051}{subsection.3.1.1}% 8
\BOOKMARK [1][-]{section.3.2}{\376\377\0003\000.\0002\000\040\000D\000o\000k\000u\000m\000e\000n\000t\000a\000c\000j\000a\000\040\000k\000l\000a\000s\000y\000\040\000C\000o\000m\000m\000o\000n\000P\000e\000r\000s\000o\000n}{chapter.3}% 9
\BOOKMARK [2][-]{subsection.3.2.1}{\376\377\0003\000.\0002\000.\0001\000\040\000D\000o\000k\000u\000m\000e\000n\000t\000a\000c\000j\000a\000\040\000f\000u\000n\000k\000c\000j\000i\000\040\000s\000k\001\102\000a\000d\000o\000w\000y\000c\000h}{section.3.2}% 10
\BOOKMARK [3][-]{subsubsection.3.2.1.1}{\376\377\0003\000.\0002\000.\0001\000.\0001\000\040\000a\000t\000t\000a\000c\000k\000\050\000\051}{subsection.3.2.1}% 11
\BOOKMARK [3][-]{subsubsection.3.2.1.2}{\376\377\0003\000.\0002\000.\0001\000.\0002\000\040\000a\000t\000t\000a\000c\000k\000C\000h\000a\000n\000c\000e\000\050\000\051}{subsection.3.2.1}% 12
\BOOKMARK [3][-]{subsubsection.3.2.1.3}{\376\377\0003\000.\0002\000.\0001\000.\0003\000\040\000d\000e\000s\000c\000r\000i\000p\000t\000i\000o\000n\000\050\000\051}{subsection.3.2.1}% 13
\BOOKMARK [3][-]{subsubsection.3.2.1.4}{\376\377\0003\000.\0002\000.\0001\000.\0004\000\040\000d\000o\000d\000g\000e\000C\000h\000a\000n\000c\000e\000\050\000\051}{subsection.3.2.1}% 14
\BOOKMARK [3][-]{subsubsection.3.2.1.5}{\376\377\0003\000.\0002\000.\0001\000.\0005\000\040\000i\000n\000t\000e\000l\000l\000i\000g\000e\000n\000c\000e\000\050\000\051}{subsection.3.2.1}% 15
\BOOKMARK [3][-]{subsubsection.3.2.1.6}{\376\377\0003\000.\0002\000.\0001\000.\0006\000\040\000w\000h\000o\000\050\000\051}{subsection.3.2.1}% 16
\BOOKMARK [1][-]{section.3.3}{\376\377\0003\000.\0003\000\040\000D\000o\000k\000u\000m\000e\000n\000t\000a\000c\000j\000a\000\040\000k\000l\000a\000s\000y\000\040\000C\000o\000u\000n\000t\000r\000y}{chapter.3}% 17
\BOOKMARK [2][-]{subsection.3.3.1}{\376\377\0003\000.\0003\000.\0001\000\040\000O\000p\000i\000s\000\040\000s\000z\000c\000z\000e\000g\000\363\001\102\000o\000w\000y}{section.3.3}% 18
\BOOKMARK [2][-]{subsection.3.3.2}{\376\377\0003\000.\0003\000.\0002\000\040\000D\000o\000k\000u\000m\000e\000n\000t\000a\000c\000j\000a\000\040\000f\000u\000n\000k\000c\000j\000i\000\040\000s\000k\001\102\000a\000d\000o\000w\000y\000c\000h}{section.3.3}% 19
\BOOKMARK [3][-]{subsubsection.3.3.2.1}{\376\377\0003\000.\0003\000.\0002\000.\0001\000\040\000c\000u\000r\000e\000\050\000\051}{subsection.3.3.2}% 20
\BOOKMARK [3][-]{subsubsection.3.3.2.2}{\376\377\0003\000.\0003\000.\0002\000.\0002\000\040\000c\000u\000r\000e\000S\000o\000m\000e\000I\000n\000f\000e\000c\000t\000e\000d\000P\000e\000r\000s\000o\000n\000s\000\050\000f\000s\000t\000r\000e\000a\000m\000\040\000o\000u\000t\000p\000u\000t\000\051}{subsection.3.3.2}% 21
\BOOKMARK [3][-]{subsubsection.3.3.2.3}{\376\377\0003\000.\0003\000.\0002\000.\0003\000\040\000d\000e\000s\000c\000r\000i\000p\000t\000i\000o\000n\000\050\000\051}{subsection.3.3.2}% 22
\BOOKMARK [3][-]{subsubsection.3.3.2.4}{\376\377\0003\000.\0003\000.\0002\000.\0004\000\040\000i\000n\000f\000e\000c\000t\000e\000d\000P\000e\000r\000s\000o\000n\000s\000\050\000\051}{subsection.3.3.2}% 23
\BOOKMARK [3][-]{subsubsection.3.3.2.5}{\376\377\0003\000.\0003\000.\0002\000.\0005\000\040\000I\000n\000f\000e\000c\000t\000P\000e\000r\000s\000o\000n\000\050\000s\000t\000d\000:\000:\000v\000e\000c\000t\000o\000r\000<\000\040\000P\000e\000r\000s\000o\000n\000\040\000*\000\040\000>\000:\000:\000i\000t\000e\000r\000a\000t\000o\000r\000\040\000p\000e\000r\000s\000o\000n\000O\000p\000p\000o\000n\000e\000n\000t\000\051}{subsection.3.3.2}% 24
\BOOKMARK [3][-]{subsubsection.3.3.2.6}{\376\377\0003\000.\0003\000.\0002\000.\0006\000\040\000p\000e\000r\000s\000o\000n\000s\000\050\000\051}{subsection.3.3.2}% 25
\BOOKMARK [3][-]{subsubsection.3.3.2.7}{\376\377\0003\000.\0003\000.\0002\000.\0007\000\040\000s\000e\000a\000r\000c\000h\000F\000o\000r\000C\000u\000r\000e\000\050\000f\000s\000t\000r\000e\000a\000m\000\040\000o\000u\000t\000p\000u\000t\000\051}{subsection.3.3.2}% 26
\BOOKMARK [3][-]{subsubsection.3.3.2.8}{\376\377\0003\000.\0003\000.\0002\000.\0008\000\040\000s\000h\000o\000w\000E\000v\000e\000r\000y\000o\000n\000e\000\050\000\051}{subsection.3.3.2}% 27
\BOOKMARK [3][-]{subsubsection.3.3.2.9}{\376\377\0003\000.\0003\000.\0002\000.\0009\000\040\000s\000p\000r\000e\000a\000d\000V\000i\000r\000u\000s\000\050\000i\000n\000t\000\040\000i\000,\000\040\000f\000s\000t\000r\000e\000a\000m\000\040\000o\000u\000t\000p\000u\000t\000\051}{subsection.3.3.2}% 28
\BOOKMARK [1][-]{section.3.4}{\376\377\0003\000.\0004\000\040\000D\000o\000k\000u\000m\000e\000n\000t\000a\000c\000j\000a\000\040\000k\000l\000a\000s\000y\000\040\000D\000i\000s\000e\000a\000s\000e}{chapter.3}% 29
\BOOKMARK [2][-]{subsection.3.4.1}{\376\377\0003\000.\0004\000.\0001\000\040\000O\000p\000i\000s\000\040\000s\000z\000c\000z\000e\000g\000\363\001\102\000o\000w\000y}{section.3.4}% 30
\BOOKMARK [2][-]{subsection.3.4.2}{\376\377\0003\000.\0004\000.\0002\000\040\000D\000o\000k\000u\000m\000e\000n\000t\000a\000c\000j\000a\000\040\000f\000u\000n\000k\000c\000j\000i\000\040\000s\000k\001\102\000a\000d\000o\000w\000y\000c\000h}{section.3.4}% 31
\BOOKMARK [3][-]{subsubsection.3.4.2.1}{\376\377\0003\000.\0004\000.\0002\000.\0001\000\040\000t\000r\000y\000A\000t\000t\000a\000c\000k\000\050\000\051\000=\0000}{subsection.3.4.2}% 32
\BOOKMARK [1][-]{section.3.5}{\376\377\0003\000.\0005\000\040\000D\000o\000k\000u\000m\000e\000n\000t\000a\000c\000j\000a\000\040\000k\000l\000a\000s\000y\000\040\000M\000u\000t\000a\000g\000e\000n}{chapter.3}% 33
\BOOKMARK [2][-]{subsection.3.5.1}{\376\377\0003\000.\0005\000.\0001\000\040\000O\000p\000i\000s\000\040\000s\000z\000c\000z\000e\000g\000\363\001\102\000o\000w\000y}{section.3.5}% 34
\BOOKMARK [2][-]{subsection.3.5.2}{\376\377\0003\000.\0005\000.\0002\000\040\000D\000o\000k\000u\000m\000e\000n\000t\000a\000c\000j\000a\000\040\000f\000u\000n\000k\000c\000j\000i\000\040\000s\000k\001\102\000a\000d\000o\000w\000y\000c\000h}{section.3.5}% 35
\BOOKMARK [3][-]{subsubsection.3.5.2.1}{\376\377\0003\000.\0005\000.\0002\000.\0001\000\040\000t\000r\000y\000A\000t\000t\000a\000c\000k\000\050\000\051}{subsection.3.5.2}% 36
\BOOKMARK [1][-]{section.3.6}{\376\377\0003\000.\0006\000\040\000D\000o\000k\000u\000m\000e\000n\000t\000a\000c\000j\000a\000\040\000k\000l\000a\000s\000y\000\040\000P\000e\000r\000s\000o\000n}{chapter.3}% 37
\BOOKMARK [2][-]{subsection.3.6.1}{\376\377\0003\000.\0006\000.\0001\000\040\000O\000p\000i\000s\000\040\000s\000z\000c\000z\000e\000g\000\363\001\102\000o\000w\000y}{section.3.6}% 38
\BOOKMARK [2][-]{subsection.3.6.2}{\376\377\0003\000.\0006\000.\0002\000\040\000D\000o\000k\000u\000m\000e\000n\000t\000a\000c\000j\000a\000\040\000f\000u\000n\000k\000c\000j\000i\000\040\000s\000k\001\102\000a\000d\000o\000w\000y\000c\000h}{section.3.6}% 39
\BOOKMARK [3][-]{subsubsection.3.6.2.1}{\376\377\0003\000.\0006\000.\0002\000.\0001\000\040\000a\000t\000t\000a\000c\000k\000\050\000\051\000=\0000}{subsection.3.6.2}% 40
\BOOKMARK [3][-]{subsubsection.3.6.2.2}{\376\377\0003\000.\0006\000.\0002\000.\0002\000\040\000a\000t\000t\000a\000c\000k\000C\000h\000a\000n\000c\000e\000\050\000\051\000=\0000}{subsection.3.6.2}% 41
\BOOKMARK [3][-]{subsubsection.3.6.2.3}{\376\377\0003\000.\0006\000.\0002\000.\0003\000\040\000d\000a\000m\000a\000g\000e\000\050\000i\000n\000t\000\040\000d\000m\000g\000\051}{subsection.3.6.2}% 42
\BOOKMARK [3][-]{subsubsection.3.6.2.4}{\376\377\0003\000.\0006\000.\0002\000.\0004\000\040\000d\000e\000s\000c\000r\000i\000p\000t\000i\000o\000n\000\050\000\051\000=\0000}{subsection.3.6.2}% 43
\BOOKMARK [3][-]{subsubsection.3.6.2.5}{\376\377\0003\000.\0006\000.\0002\000.\0005\000\040\000d\000o\000d\000g\000e\000C\000h\000a\000n\000c\000e\000\050\000\051\000=\0000}{subsection.3.6.2}% 44
\BOOKMARK [3][-]{subsubsection.3.6.2.6}{\376\377\0003\000.\0006\000.\0002\000.\0006\000\040\000i\000n\000t\000e\000l\000l\000i\000g\000e\000n\000c\000e\000\050\000\051\000=\0000}{subsection.3.6.2}% 45
\BOOKMARK [3][-]{subsubsection.3.6.2.7}{\376\377\0003\000.\0006\000.\0002\000.\0007\000\040\000i\000s\000D\000e\000a\000d\000\050\000\051}{subsection.3.6.2}% 46
\BOOKMARK [3][-]{subsubsection.3.6.2.8}{\376\377\0003\000.\0006\000.\0002\000.\0008\000\040\000p\000e\000r\000s\000o\000n\000H\000P\000\050\000\051}{subsection.3.6.2}% 47
\BOOKMARK [3][-]{subsubsection.3.6.2.9}{\376\377\0003\000.\0006\000.\0002\000.\0009\000\040\000w\000h\000o\000\050\000\051\000=\0000}{subsection.3.6.2}% 48
\BOOKMARK [1][-]{section.3.7}{\376\377\0003\000.\0007\000\040\000D\000o\000k\000u\000m\000e\000n\000t\000a\000c\000j\000a\000\040\000k\000l\000a\000s\000y\000\040\000S\000c\000i\000e\000n\000t\000i\000s\000t}{chapter.3}% 49
\BOOKMARK [2][-]{subsection.3.7.1}{\376\377\0003\000.\0007\000.\0001\000\040\000O\000p\000i\000s\000\040\000s\000z\000c\000z\000e\000g\000\363\001\102\000o\000w\000y}{section.3.7}% 50
\BOOKMARK [2][-]{subsection.3.7.2}{\376\377\0003\000.\0007\000.\0002\000\040\000D\000o\000k\000u\000m\000e\000n\000t\000a\000c\000j\000a\000\040\000f\000u\000n\000k\000c\000j\000i\000\040\000s\000k\001\102\000a\000d\000o\000w\000y\000c\000h}{section.3.7}% 51
\BOOKMARK [3][-]{subsubsection.3.7.2.1}{\376\377\0003\000.\0007\000.\0002\000.\0001\000\040\000d\000e\000s\000c\000r\000i\000p\000t\000i\000o\000n\000\050\000\051}{subsection.3.7.2}% 52
\BOOKMARK [3][-]{subsubsection.3.7.2.2}{\376\377\0003\000.\0007\000.\0002\000.\0002\000\040\000i\000n\000t\000e\000l\000l\000i\000g\000e\000n\000c\000e\000\050\000\051}{subsection.3.7.2}% 53
\BOOKMARK [3][-]{subsubsection.3.7.2.3}{\376\377\0003\000.\0007\000.\0002\000.\0003\000\040\000w\000h\000o\000\050\000\051}{subsection.3.7.2}% 54
\BOOKMARK [1][-]{section.3.8}{\376\377\0003\000.\0008\000\040\000D\000o\000k\000u\000m\000e\000n\000t\000a\000c\000j\000a\000\040\000k\000l\000a\000s\000y\000\040\000U\000l\000t\000r\000a\000V\000e\000g\000a\000n}{chapter.3}% 55
\BOOKMARK [2][-]{subsection.3.8.1}{\376\377\0003\000.\0008\000.\0001\000\040\000O\000p\000i\000s\000\040\000s\000z\000c\000z\000e\000g\000\363\001\102\000o\000w\000y}{section.3.8}% 56
\BOOKMARK [2][-]{subsection.3.8.2}{\376\377\0003\000.\0008\000.\0002\000\040\000D\000o\000k\000u\000m\000e\000n\000t\000a\000c\000j\000a\000\040\000f\000u\000n\000k\000c\000j\000i\000\040\000s\000k\001\102\000a\000d\000o\000w\000y\000c\000h}{section.3.8}% 57
\BOOKMARK [3][-]{subsubsection.3.8.2.1}{\376\377\0003\000.\0008\000.\0002\000.\0001\000\040\000t\000r\000y\000A\000t\000t\000a\000c\000k\000\050\000\051}{subsection.3.8.2}% 58
\BOOKMARK [1][-]{section.3.9}{\376\377\0003\000.\0009\000\040\000D\000o\000k\000u\000m\000e\000n\000t\000a\000c\000j\000a\000\040\000k\000l\000a\000s\000y\000\040\000V\000e\000g\000a\000n}{chapter.3}% 59
\BOOKMARK [2][-]{subsection.3.9.1}{\376\377\0003\000.\0009\000.\0001\000\040\000O\000p\000i\000s\000\040\000s\000z\000c\000z\000e\000g\000\363\001\102\000o\000w\000y}{section.3.9}% 60
\BOOKMARK [2][-]{subsection.3.9.2}{\376\377\0003\000.\0009\000.\0002\000\040\000D\000o\000k\000u\000m\000e\000n\000t\000a\000c\000j\000a\000\040\000f\000u\000n\000k\000c\000j\000i\000\040\000s\000k\001\102\000a\000d\000o\000w\000y\000c\000h}{section.3.9}% 61
\BOOKMARK [3][-]{subsubsection.3.9.2.1}{\376\377\0003\000.\0009\000.\0002\000.\0001\000\040\000a\000t\000t\000a\000c\000k\000\050\000\051}{subsection.3.9.2}% 62
\BOOKMARK [3][-]{subsubsection.3.9.2.2}{\376\377\0003\000.\0009\000.\0002\000.\0002\000\040\000a\000t\000t\000a\000c\000k\000C\000h\000a\000n\000c\000e\000\050\000\051}{subsection.3.9.2}% 63
\BOOKMARK [3][-]{subsubsection.3.9.2.3}{\376\377\0003\000.\0009\000.\0002\000.\0003\000\040\000d\000e\000s\000c\000r\000i\000p\000t\000i\000o\000n\000\050\000\051}{subsection.3.9.2}% 64
\BOOKMARK [3][-]{subsubsection.3.9.2.4}{\376\377\0003\000.\0009\000.\0002\000.\0004\000\040\000d\000o\000d\000g\000e\000C\000h\000a\000n\000c\000e\000\050\000\051}{subsection.3.9.2}% 65
\BOOKMARK [3][-]{subsubsection.3.9.2.5}{\376\377\0003\000.\0009\000.\0002\000.\0005\000\040\000i\000n\000t\000e\000l\000l\000i\000g\000e\000n\000c\000e\000\050\000\051}{subsection.3.9.2}% 66
\BOOKMARK [3][-]{subsubsection.3.9.2.6}{\376\377\0003\000.\0009\000.\0002\000.\0006\000\040\000w\000h\000o\000\050\000\051}{subsection.3.9.2}% 67
\BOOKMARK [0][-]{section*.19}{\376\377\000I\000n\000d\000e\000k\000s}{}% 68
